<?xml version="1.0" encoding="UTF-8"?>
<!-- Generated by org.testng.reporters.JUnitReportReporter -->
<testsuite hostname="Lenovo" failures="0" tests="2" name="testNGstudy.TestNGtest" time="19.795" errors="0" timestamp="2022-07-25T19:47:02 IST" skipped="0">
  <testcase classname="testNGstudy.TestNGtest" name="launchFacebook" time="12.599"/>
  <system-out/>
  <testcase classname="testNGstudy.TestNGtest" name="launchKite" time="7.196"/>
  <system-out/>
</testsuite> <!-- testNGstudy.TestNGtest -->
