<?xml version="1.0" encoding="UTF-8"?>
<!-- Generated by org.testng.reporters.JUnitReportReporter -->
<testsuite hostname="Lenovo" failures="0" tests="3" name="testNgAnnotations.AnnotationsUse" time="0.027" errors="0" timestamp="2022-07-26T22:52:19 IST" skipped="0">
  <testcase classname="testNgAnnotations.AnnotationsUse" name="validateUserId2" time="0.007"/>
  <system-out>
    <![CDATA[UserID validated1=====>Test2 Method running]]>
  </system-out>
  <testcase classname="testNgAnnotations.AnnotationsUse" name="validateUserId1" time="0.008"/>
  <system-out>
    <![CDATA[UserID validated====> Test Method 1 running]]>
  </system-out>
  <testcase classname="testNgAnnotations.AnnotationsUse" name="validateUserId3" time="0.012"/>
  <system-out>
    <![CDATA[UserID validated2====>Test method is running]]>
  </system-out>
</testsuite> <!-- testNgAnnotations.AnnotationsUse -->
