<?xml version="1.0" encoding="UTF-8"?>
<!-- Generated by org.testng.reporters.JUnitReportReporter -->
<testsuite hostname="Lenovo" failures="0" tests="6" name="testKeywords.PriorityStudy" time="0.024" errors="0" timestamp="2022-07-26T23:22:12 IST" skipped="0">
  <testcase classname="testKeywords.PriorityStudy" name="e" time="0.012"/>
  <system-out>
    <![CDATA[e method running]]>
  </system-out>
  <testcase classname="testKeywords.PriorityStudy" name="b" time="0.003"/>
  <system-out>
    <![CDATA[b method running]]>
  </system-out>
  <testcase classname="testKeywords.PriorityStudy" name="f" time="0.001"/>
  <system-out>
    <![CDATA[f method running]]>
  </system-out>
  <testcase classname="testKeywords.PriorityStudy" name="d" time="0.004"/>
  <system-out>
    <![CDATA[d method running]]>
  </system-out>
  <testcase classname="testKeywords.PriorityStudy" name="a" time="0.002"/>
  <system-out>
    <![CDATA[a method running]]>
  </system-out>
  <testcase classname="testKeywords.PriorityStudy" name="c" time="0.002"/>
  <system-out>
    <![CDATA[c method running]]>
  </system-out>
</testsuite> <!-- testKeywords.PriorityStudy -->
