<?xml version="1.0" encoding="UTF-8"?>
<!-- Generated by org.testng.reporters.JUnitReportReporter -->
<testsuite hostname="Lenovo" failures="0" tests="4" name="testKeywords.EnabledStudy" time="0.019" errors="0" timestamp="2022-07-26T23:27:36 IST" skipped="1">
  <testcase classname="testKeywords.EnabledStudy" name="d" time="0.002"/>
  <system-out>
    <![CDATA[d method is running]]>
  </system-out>
  <testcase classname="testKeywords.EnabledStudy" name="b" time="0.014"/>
  <system-out>
    <![CDATA[b method is running]]>
  </system-out>
  <testcase classname="testKeywords.EnabledStudy" name="c" time="0.003"/>
  <system-out>
    <![CDATA[c method is running]]>
  </system-out>
  <testcase classname="testKeywords.EnabledStudy" name="a">
    <skipped/>
  </testcase> <!-- a -->
  <system-out/>
</testsuite> <!-- testKeywords.EnabledStudy -->
