<?xml version="1.0" encoding="UTF-8"?>
<!-- Generated by org.testng.reporters.JUnitReportReporter -->
<testsuite hostname="Lenovo" failures="0" tests="1" name="kiteUserIDUsingTestNG.ValidateUID" time="7.587" errors="0" timestamp="2022-08-03T14:49:55 IST" skipped="0">
  <testcase classname="kiteUserIDUsingTestNG.ValidateUID" name="validateKiteUserID" time="7.587"/>
  <system-out>
    <![CDATA[validated actual and expected userID TC is passed]]>
  </system-out>
</testsuite> <!-- kiteUserIDUsingTestNG.ValidateUID -->
