<?xml version="1.0" encoding="UTF-8"?>
<!-- Generated by org.testng.reporters.JUnitReportReporter -->
<testsuite hostname="Lenovo" failures="0" tests="1" name="testNGstudy.ReportLog" time="0.017" errors="0" timestamp="2022-07-25T19:39:56 IST" skipped="0">
  <testcase classname="testNGstudy.ReportLog" name="display" time="0.017"/>
  <system-out>
    <![CDATA[Hi this is reporter without boolean value
Hi this is reporter with boolean value]]>
  </system-out>
</testsuite> <!-- testNGstudy.ReportLog -->
