<?xml version="1.0" encoding="UTF-8"?>
<!-- Generated by org.testng.reporters.JUnitReportReporter -->
<testsuite hostname="Lenovo" failures="0" tests="5" name="testKeywords.InnocationCountEX" time="0.034" errors="0" timestamp="2022-07-26T23:02:08 IST" skipped="0">
  <testcase classname="testKeywords.InnocationCountEX" name="myMethod" time="0.004"/>
  <system-out>
    <![CDATA[My method is running]]>
  </system-out>
  <testcase classname="testKeywords.InnocationCountEX" name="myMethod" time="0.007"/>
  <system-out>
    <![CDATA[My method is running]]>
  </system-out>
  <testcase classname="testKeywords.InnocationCountEX" name="myMethod" time="0.003"/>
  <system-out>
    <![CDATA[My method is running]]>
  </system-out>
  <testcase classname="testKeywords.InnocationCountEX" name="myMethod" time="0.003"/>
  <system-out>
    <![CDATA[My method is running]]>
  </system-out>
  <testcase classname="testKeywords.InnocationCountEX" name="myMethod" time="0.017"/>
  <system-out>
    <![CDATA[My method is running]]>
  </system-out>
</testsuite> <!-- testKeywords.InnocationCountEX -->
